<?xml version="1.0" encoding="UTF-8"?>
<!-- Generated by org.testng.reporters.JUnitReportReporter -->
<testsuite hostname="DESKTOP-E8IGD9F" failures="0" tests="1" name="com.jakartalabs.fullstack_automation.WebTests" time="33.407" errors="0" timestamp="13 Mar 2021 05:59:35 GMT" skipped="0">
  <testcase classname="com.jakartalabs.fullstack_automation.WebTests" name="login" time="33.407"/>
</testsuite> <!-- com.jakartalabs.fullstack_automation.WebTests -->
