<?xml version="1.0" encoding="UTF-8"?>
<!-- Generated by org.testng.reporters.JUnitReportReporter -->
<testsuite hostname="DESKTOP-E8IGD9F" failures="0" tests="1" name="com.jakartalabs.fullstack_automation.APITests" time="2.763" errors="0" timestamp="14 Mar 2021 04:43:37 GMT" skipped="0">
  <testcase classname="com.jakartalabs.fullstack_automation.APITests" name="testloginAPI" time="2.763"/>
</testsuite> <!-- com.jakartalabs.fullstack_automation.APITests -->
