<?xml version="1.0" encoding="UTF-8"?>
<!-- Generated by org.testng.reporters.JUnitReportReporter -->
<testsuite hostname="DESKTOP-E8IGD9F" failures="0" tests="4" name="com.jakartalabs.fullstack_automation.TestNGExamples" time="0.004" errors="0" timestamp="28 Feb 2021 07:02:19 GMT" skipped="0">
  <testcase classname="com.jakartalabs.fullstack_automation.TestNGExamples" name="test2" time="0.001"/>
  <testcase classname="com.jakartalabs.fullstack_automation.TestNGExamples" name="test2a" time="0.001"/>
  <testcase classname="com.jakartalabs.fullstack_automation.TestNGExamples" name="test2b" time="0.001"/>
  <testcase classname="com.jakartalabs.fullstack_automation.TestNGExamples" name="test1" time="0.001"/>
</testsuite> <!-- com.jakartalabs.fullstack_automation.TestNGExamples -->
