<?xml version="1.0" encoding="UTF-8"?>
<!-- Generated by org.testng.reporters.JUnitReportReporter -->
<testsuite hostname="DESKTOP-E8IGD9F" failures="0" tests="3" name="com.jakartalabs.fullstack_automation.APITests" time="6.395" errors="0" timestamp="13 Mar 2021 07:32:25 GMT" skipped="0">
  <testcase classname="com.jakartalabs.fullstack_automation.APITests" name="testloginAPI" time="2.840"/>
  <testcase classname="com.jakartalabs.fullstack_automation.APITests" name="testloginAPIWithIncorrectCredentials" time="2.189"/>
  <testcase classname="com.jakartalabs.fullstack_automation.APITests" name="testDashboardAPI" time="1.366"/>
</testsuite> <!-- com.jakartalabs.fullstack_automation.APITests -->
